[96554:72195:1203/141111.605446:ERROR:socket_posix.cc(147)] bind() failed: Address already in use (48)

DevTools listening on ws://[::1]:9222/devtools/browser/e986eeb4-fc9b-4bd6-9d44-149236f65acc
2024-12-03 14:11:12.009 Google Chrome[96554:5632518] +[IMKClient subclass]: chose IMKClient_Modern
2024-12-03 14:11:12.010 Google Chrome[96554:5632518] +[IMKInputSession subclass]: chose IMKInputSession_Modern
2024-12-03 14:11:12.015 Google Chrome[96554:5632518] _TIPropertyValueIsValid called with 16 on nil context!
2024-12-03 14:11:12.015 Google Chrome[96554:5632518] imkxpc_getApplicationProperty:reply: called with incorrect property value 16, bailing.
2024-12-03 14:11:12.015 Google Chrome[96554:5632518] Text input context does not respond to _valueForTIProperty:

DevTools listening on ws://127.0.0.1:9222/devtools/browser/869c673a-0d64-4c9c-b8ae-8f66a9b76c3b
2024-12-03 15:30:48.152 Google Chrome[24369:5815783] +[IMKClient subclass]: chose IMKClient_Modern
2024-12-03 15:30:48.152 Google Chrome[24369:5815783] +[IMKInputSession subclass]: chose IMKInputSession_Modern
I0000 00:00:1733268651.363036 5816361 resource_manager.cc:23] Number of optimal threads: 16
I0000 00:00:1733268651.363194 5816361 group_rpn_detector_utils.h:93] Total tiles: 0 removed duplicates: 0
I0000 00:00:1733268651.363218 5816361 tflite_model_pooled_cached_runner.cc:234] Loading /gocr/gocr_models/detection/gocr_group_rpn_text_detection_model_2024_q4.tflite
I0000 00:00:1733268651.363246 5816360 multi_pass_line_recognition_mutator.cc:334] Lazy initialization for recognizer: Telu
I0000 00:00:1733268651.363284 5816360 multi_pass_line_recognition_mutator.cc:334] Lazy initialization for recognizer: Khmr
I0000 00:00:1733268651.363298 5816360 multi_pass_line_recognition_mutator.cc:334] Lazy initialization for recognizer: Laoo
I0000 00:00:1733268651.363309 5816360 multi_pass_line_recognition_mutator.cc:334] Lazy initialization for recognizer: Grek
I0000 00:00:1733268651.363320 5816360 multi_pass_line_recognition_mutator.cc:334] Lazy initialization for recognizer: Deva
I0000 00:00:1733268651.363330 5816360 multi_pass_line_recognition_mutator.cc:334] Lazy initialization for recognizer: Hani
I0000 00:00:1733268651.363340 5816360 multi_pass_line_recognition_mutator.cc:334] Lazy initialization for recognizer: Hebr
I0000 00:00:1733268651.363375 5816360 multi_pass_line_recognition_mutator.cc:334] Lazy initialization for recognizer: Beng
I0000 00:00:1733268651.363387 5816360 multi_pass_line_recognition_mutator.cc:334] Lazy initialization for recognizer: Cyrl
I0000 00:00:1733268651.363398 5816360 multi_pass_line_recognition_mutator.cc:334] Lazy initialization for recognizer: Mlym
I0000 00:00:1733268651.363408 5816360 multi_pass_line_recognition_mutator.cc:334] Lazy initialization for recognizer: Taml
I0000 00:00:1733268651.363417 5816360 multi_pass_line_recognition_mutator.cc:334] Lazy initialization for recognizer: Arab
I0000 00:00:1733268651.363427 5816360 multi_pass_line_recognition_mutator.cc:334] Lazy initialization for recognizer: Jpan
I0000 00:00:1733268651.363435 5816360 multi_pass_line_recognition_mutator.cc:334] Lazy initialization for recognizer: Kore
I0000 00:00:1733268651.363444 5816360 multi_pass_line_recognition_mutator.cc:334] Lazy initialization for recognizer: Knda
I0000 00:00:1733268651.363463 5816360 multi_pass_line_recognition_mutator.cc:334] Lazy initialization for recognizer: Guru
I0000 00:00:1733268651.363473 5816360 multi_pass_line_recognition_mutator.cc:334] Lazy initialization for recognizer: Geor
I0000 00:00:1733268651.363485 5816360 multi_pass_line_recognition_mutator.cc:334] Lazy initialization for recognizer: Thai
I0000 00:00:1733268651.363495 5816360 multi_pass_line_recognition_mutator.cc:334] Lazy initialization for recognizer: Gujr
I0000 00:00:1733268651.363506 5816360 multi_pass_line_recognition_mutator.cc:334] Lazy initialization for recognizer: Sinh
I0000 00:00:1733268651.363512 5816360 multi_pass_line_recognition_mutator.cc:342] Preloading recognizers.
I0000 00:00:1733268651.363870 5816362 tflite_model_pooled_runner.cc:641] Loading /gocr/gocr_models/line_recognition_mobile_convnext320_omni/gocr_mobile_und.tflite
I0000 00:00:1733268651.364398 5816362 tflite_model_pooled_runner.cc:852] Resizing interpreter pool to 4
INFO: Created TensorFlow Lite XNNPACK delegate for CPU.
I0000 00:00:1733268651.365187 5816361 tflite_model_pooled_cached_runner.cc:299] Caching size: 5
I0000 00:00:1733268651.365676 5816361 tflite_model_pooled_runner.cc:641] Loading /gocr/layout/cluster_sort/model_v2.tflite
I0000 00:00:1733268651.365803 5816361 tflite_model_pooled_runner.cc:852] Resizing interpreter pool to 1
I0000 00:00:1733268651.372561 5816362 mobile_langid_v2.cc:58] MobileLangID V2 initialized.
I0000 00:00:1733268651.372651 5816362 multi_pass_line_recognition_mutator.cc:364] Finished preloading a recognizer for "und"
I0000 00:00:1733268651.372672 5816360 multi_pass_line_recognition_mutator.cc:398] Finished preloading recognizers.
I0000 00:00:1733268651.372899 5816361 coarse_classifier_calculator.cc:152] Succeeded in initializing coarse classifier
[24369:259:1203/153407.834009:ERROR:network_service_instance_impl.cc(613)] Network service crashed, restarting service.
[24369:259:1203/153407.836555:ERROR:gpu_process_host.cc(982)] GPU process exited unexpectedly: exit_code=15
[1203/153407.840319:FATAL:exception_handler_server.cc(76)] Check failed: kr == KERN_SUCCESS. mach_port_request_notification: (os/kern) invalid capability (20)
